MissingPets/app/build/intermediates/manifest_merge_blame_file/debug/manifest-merger-blame-debug-report.txt
1<?xml version="1.0" encoding="utf-8"?>
2<manifest xmlns:android="http://schemas.android.com/apk/res/android"
3    package="com.example.missingpets"
4    android:versionCode="1"
5    android:versionName="1.0" >
6
7    <uses-sdk
8        android:minSdkVersion="28"
9        android:targetSdkVersion="33" />
10
11    <uses-permission android:name="android.permission.CAMERA" />
11-->src\main\AndroidManifest.xml:5:5-64
11-->src\main\AndroidManifest.xml:5:22-62
12
13    <uses-feature android:name="android.hardware.camera.any" />
13-->src\main\AndroidManifest.xml:6:5-63
13-->src\main\AndroidManifest.xml:6:19-61
14
15    <uses-permission android:name="android.permission.INTERNET" />
15-->src\main\AndroidManifest.xml:8:5-67
15-->src\main\AndroidManifest.xml:8:22-64
16    <uses-permission android:name="android.permission.ACCESS_COARSE_LOCATION" />
16-->src\main\AndroidManifest.xml:9:5-81
16-->src\main\AndroidManifest.xml:9:22-78
17    <uses-permission android:name="android.permission.ACCESS_FINE_LOCATION" />
17-->src\main\AndroidManifest.xml:10:5-78
17-->src\main\AndroidManifest.xml:10:22-76
18    <uses-permission android:name="android.permission.ACCESS_NETWORK_STATE" />
18-->src\main\AndroidManifest.xml:11:5-80
18-->src\main\AndroidManifest.xml:11:22-76
19    <uses-permission android:name="android.permission.READ_EXTERNAL_STORAGE" />
19-->src\main\AndroidManifest.xml:12:5-137
19-->src\main\AndroidManifest.xml:12:22-77
20    <uses-permission android:name="android.permission.WRITE_EXTERNAL_STORAGE" />
20-->src\main\AndroidManifest.xml:13:5-138
20-->src\main\AndroidManifest.xml:13:22-78
21    <uses-permission android:name="android.permission.READ_MEDIA_IMAGES" />
21-->src\main\AndroidManifest.xml:14:5-133
21-->src\main\AndroidManifest.xml:14:22-73
22
23    <uses-feature android:name="android.hardware.sensor.accelerometer" />
23-->src\main\AndroidManifest.xml:16:5-74
23-->src\main\AndroidManifest.xml:16:19-71
24    <uses-feature android:name="android.hardware.sensor.compass" />
24-->src\main\AndroidManifest.xml:17:5-68
24-->src\main\AndroidManifest.xml:17:19-65
25
26    <uses-permission android:name="android.permission.WAKE_LOCK" />
26-->[com.google.android.gms:play-services-measurement-api:21.5.0] AndroidManifest.xml:24:5-68
26-->[com.google.android.gms:play-services-measurement-api:21.5.0] AndroidManifest.xml:24:22-65
27    <uses-permission android:name="com.google.android.gms.permission.AD_ID" />
27-->[com.google.android.gms:play-services-measurement-api:21.5.0] AndroidManifest.xml:25:5-79
27-->[com.google.android.gms:play-services-measurement-api:21.5.0] AndroidManifest.xml:25:22-76
28    <uses-permission android:name="android.permission.ACCESS_ADSERVICES_ATTRIBUTION" />
28-->[com.google.android.gms:play-services-measurement-api:21.5.0] AndroidManifest.xml:26:5-88
28-->[com.google.android.gms:play-services-measurement-api:21.5.0] AndroidManifest.xml:26:22-85
29    <uses-permission android:name="android.permission.ACCESS_ADSERVICES_AD_ID" />
29-->[com.google.android.gms:play-services-measurement-api:21.5.0] AndroidManifest.xml:27:5-82
29-->[com.google.android.gms:play-services-measurement-api:21.5.0] AndroidManifest.xml:27:22-79
30
31    <uses-feature
31-->[com.google.android.gms:play-services-maps:18.2.0] AndroidManifest.xml:26:5-28:35
32        android:glEsVersion="0x00020000"
32-->[com.google.android.gms:play-services-maps:18.2.0] AndroidManifest.xml:27:9-41
33        android:required="true" />
33-->[com.google.android.gms:play-services-maps:18.2.0] AndroidManifest.xml:28:9-32
34
35    <queries>
35-->[com.google.android.gms:play-services-maps:18.2.0] AndroidManifest.xml:30:5-34:15
36
37        <!-- Needs to be explicitly declared on Android R+ -->
38        <package android:name="com.google.android.apps.maps" />
38-->[com.google.android.gms:play-services-maps:18.2.0] AndroidManifest.xml:33:9-64
38-->[com.google.android.gms:play-services-maps:18.2.0] AndroidManifest.xml:33:18-61
39    </queries>
40
41    <uses-permission android:name="com.google.android.providers.gsf.permission.READ_GSERVICES" />
41-->[com.google.android.recaptcha:recaptcha:18.4.0] AndroidManifest.xml:9:5-98
41-->[com.google.android.recaptcha:recaptcha:18.4.0] AndroidManifest.xml:9:22-95
42    <uses-permission android:name="com.google.android.finsky.permission.BIND_GET_INSTALL_REFERRER_SERVICE" />
42-->[com.google.android.gms:play-services-measurement:21.5.0] AndroidManifest.xml:26:5-110
42-->[com.google.android.gms:play-services-measurement:21.5.0] AndroidManifest.xml:26:22-107
43
44    <permission
44-->[androidx.core:core:1.12.0] AndroidManifest.xml:22:5-24:47
45        android:name="com.example.missingpets.DYNAMIC_RECEIVER_NOT_EXPORTED_PERMISSION"
45-->[androidx.core:core:1.12.0] AndroidManifest.xml:23:9-81
46        android:protectionLevel="signature" />
46-->[androidx.core:core:1.12.0] AndroidManifest.xml:24:9-44
47
48    <uses-permission android:name="com.example.missingpets.DYNAMIC_RECEIVER_NOT_EXPORTED_PERMISSION" />
48-->[androidx.core:core:1.12.0] AndroidManifest.xml:26:5-97
48-->[androidx.core:core:1.12.0] AndroidManifest.xml:26:22-94
49
50    <supports-screens
50-->[org.osmdroid:osmdroid-android:6.1.18] AndroidManifest.xml:9:5-12:40
51        android:anyDensity="true"
51-->[org.osmdroid:osmdroid-android:6.1.18] AndroidManifest.xml:10:9-34
52        android:largeScreens="true"
52-->[org.osmdroid:osmdroid-android:6.1.18] AndroidManifest.xml:11:9-36
53        android:normalScreens="true" />
53-->[org.osmdroid:osmdroid-android:6.1.18] AndroidManifest.xml:12:9-37
54
55    <uses-feature
55-->[org.osmdroid:osmdroid-android:6.1.18] AndroidManifest.xml:14:5-16:36
56        android:name="android.hardware.location.network"
56-->[org.osmdroid:osmdroid-android:6.1.18] AndroidManifest.xml:15:9-57
57        android:required="false" />
57-->[org.osmdroid:osmdroid-android:6.1.18] AndroidManifest.xml:16:9-33
58    <uses-feature
58-->[org.osmdroid:osmdroid-android:6.1.18] AndroidManifest.xml:17:5-19:36
59        android:name="android.hardware.location.gps"
59-->[org.osmdroid:osmdroid-android:6.1.18] AndroidManifest.xml:18:9-53
60        android:required="false" />
60-->[org.osmdroid:osmdroid-android:6.1.18] AndroidManifest.xml:19:9-33
61    <uses-feature
61-->[org.osmdroid:osmdroid-android:6.1.18] AndroidManifest.xml:20:5-22:36
62        android:name="android.hardware.telephony"
62-->[org.osmdroid:osmdroid-android:6.1.18] AndroidManifest.xml:21:9-50
63        android:required="false" />
63-->[org.osmdroid:osmdroid-android:6.1.18] AndroidManifest.xml:22:9-33
64    <uses-feature
64-->[org.osmdroid:osmdroid-android:6.1.18] AndroidManifest.xml:23:5-25:36
65        android:name="android.hardware.wifi"
65-->[org.osmdroid:osmdroid-android:6.1.18] AndroidManifest.xml:24:9-45
66        android:required="false" />
66-->[org.osmdroid:osmdroid-android:6.1.18] AndroidManifest.xml:25:9-33
67
68    <application
68-->src\main\AndroidManifest.xml:19:5-56:19
69        android:allowBackup="true"
69-->src\main\AndroidManifest.xml:20:9-35
70        android:appComponentFactory="androidx.core.app.CoreComponentFactory"
70-->[androidx.core:core:1.12.0] AndroidManifest.xml:28:18-86
71        android:dataExtractionRules="@xml/data_extraction_rules"
71-->src\main\AndroidManifest.xml:21:9-65
72        android:debuggable="true"
73        android:extractNativeLibs="false"
74        android:fullBackupContent="@xml/backup_rules"
74-->src\main\AndroidManifest.xml:22:9-54
75        android:icon="@mipmap/ic_launcher"
75-->src\main\AndroidManifest.xml:23:9-43
76        android:label="@string/app_name"
76-->src\main\AndroidManifest.xml:24:9-41
77        android:requestLegacyExternalStorage="true"
77-->src\main\AndroidManifest.xml:28:9-52
78        android:roundIcon="@mipmap/ic_launcher_round"
78-->src\main\AndroidManifest.xml:25:9-54
79        android:supportsRtl="true"
79-->src\main\AndroidManifest.xml:26:9-35
80        android:testOnly="true"
81        android:theme="@style/Theme.MissingPets" >
81-->src\main\AndroidManifest.xml:27:9-49
82        <activity
82-->src\main\AndroidManifest.xml:30:9-39:20
83            android:name="com.example.missingpets.MainActivity"
83-->src\main\AndroidManifest.xml:31:13-41
84            android:exported="true"
84-->src\main\AndroidManifest.xml:32:13-36
85            android:label="@string/app_name"
85-->src\main\AndroidManifest.xml:33:13-45
86            android:theme="@style/Theme.MissingPets" >
86-->src\main\AndroidManifest.xml:34:13-53
87            <intent-filter>
87-->src\main\AndroidManifest.xml:35:13-38:29
88                <action android:name="android.intent.action.MAIN" />
88-->src\main\AndroidManifest.xml:36:17-69
88-->src\main\AndroidManifest.xml:36:25-66
89
90                <category android:name="android.intent.category.LAUNCHER" />
90-->src\main\AndroidManifest.xml:37:17-77
90-->src\main\AndroidManifest.xml:37:27-74
91            </intent-filter>
92        </activity>
93        <activity android:name="com.example.missingpets.AppActivity" >
93-->src\main\AndroidManifest.xml:41:9-42:20
93-->src\main\AndroidManifest.xml:41:19-46
94        </activity>
95        <activity android:name="com.example.missingpets.CreatePostActivity" >
95-->src\main\AndroidManifest.xml:44:9-45:20
95-->src\main\AndroidManifest.xml:44:19-53
96        </activity>
97        <activity android:name="com.example.missingpets.ScanActivity" >
97-->src\main\AndroidManifest.xml:47:9-48:20
97-->src\main\AndroidManifest.xml:47:19-47
98        </activity>
99        <activity android:name="com.example.missingpets.NavigationActivity" >
99-->src\main\AndroidManifest.xml:50:9-51:20
99-->src\main\AndroidManifest.xml:50:19-53
100        </activity>
101        <activity android:name="com.example.missingpets.MatchResultActivity" >
101-->src\main\AndroidManifest.xml:53:9-54:20
101-->src\main\AndroidManifest.xml:53:19-54
102        </activity>
103
104        <service
104-->[com.google.firebase:firebase-inappmessaging-ktx:20.4.0] AndroidManifest.xml:9:9-15:19
105            android:name="com.google.firebase.components.ComponentDiscoveryService"
105-->[com.google.firebase:firebase-inappmessaging-ktx:20.4.0] AndroidManifest.xml:10:13-84
106            android:directBootAware="true"
106-->[com.google.firebase:firebase-common:20.4.2] AndroidManifest.xml:32:13-43
107            android:exported="false" >
107-->[com.google.firebase:firebase-inappmessaging-ktx:20.4.0] AndroidManifest.xml:11:13-37
108            <meta-data
108-->[com.google.firebase:firebase-inappmessaging-ktx:20.4.0] AndroidManifest.xml:12:13-14:85
109                android:name="com.google.firebase.components:com.google.firebase.inappmessaging.ktx.FirebaseInappmessagingLegacyRegistrar"
109-->[com.google.firebase:firebase-inappmessaging-ktx:20.4.0] AndroidManifest.xml:13:17-139
110                android:value="com.google.firebase.components.ComponentRegistrar" />
110-->[com.google.firebase:firebase-inappmessaging-ktx:20.4.0] AndroidManifest.xml:14:17-82
111            <meta-data
111-->[com.google.firebase:firebase-auth-ktx:22.3.1] AndroidManifest.xml:11:13-13:85
112                android:name="com.google.firebase.components:com.google.firebase.auth.ktx.FirebaseAuthLegacyRegistrar"
112-->[com.google.firebase:firebase-auth-ktx:22.3.1] AndroidManifest.xml:12:17-119
113                android:value="com.google.firebase.components.ComponentRegistrar" />
113-->[com.google.firebase:firebase-auth-ktx:22.3.1] AndroidManifest.xml:13:17-82
114            <meta-data
114-->[com.google.firebase:firebase-auth:22.3.1] AndroidManifest.xml:69:13-71:85
115                android:name="com.google.firebase.components:com.google.firebase.auth.FirebaseAuthRegistrar"
115-->[com.google.firebase:firebase-auth:22.3.1] AndroidManifest.xml:70:17-109
116                android:value="com.google.firebase.components.ComponentRegistrar" />
116-->[com.google.firebase:firebase-auth:22.3.1] AndroidManifest.xml:71:17-82
117            <meta-data
117-->[com.google.firebase:firebase-inappmessaging:20.4.0] AndroidManifest.xml:14:13-16:85
118                android:name="com.google.firebase.components:com.google.firebase.inappmessaging.FirebaseInAppMessagingKtxRegistrar"
118-->[com.google.firebase:firebase-inappmessaging:20.4.0] AndroidManifest.xml:15:17-132
119                android:value="com.google.firebase.components.ComponentRegistrar" />
119-->[com.google.firebase:firebase-inappmessaging:20.4.0] AndroidManifest.xml:16:17-82
120            <meta-data
120-->[com.google.firebase:firebase-inappmessaging:20.4.0] AndroidManifest.xml:17:13-19:85
121                android:name="com.google.firebase.components:com.google.firebase.inappmessaging.FirebaseInAppMessagingRegistrar"
121-->[com.google.firebase:firebase-inappmessaging:20.4.0] AndroidManifest.xml:18:17-129
122                android:value="com.google.firebase.components.ComponentRegistrar" />
122-->[com.google.firebase:firebase-inappmessaging:20.4.0] AndroidManifest.xml:19:17-82
123            <meta-data
123-->[com.google.android.gms:play-services-measurement-api:21.5.0] AndroidManifest.xml:37:13-39:85
124                android:name="com.google.firebase.components:com.google.firebase.analytics.connector.internal.AnalyticsConnectorRegistrar"
124-->[com.google.android.gms:play-services-measurement-api:21.5.0] AndroidManifest.xml:38:17-139
125                android:value="com.google.firebase.components.ComponentRegistrar" />
125-->[com.google.android.gms:play-services-measurement-api:21.5.0] AndroidManifest.xml:39:17-82
126            <meta-data
126-->[com.google.firebase:firebase-installations:17.2.0] AndroidManifest.xml:15:13-17:85
127                android:name="com.google.firebase.components:com.google.firebase.installations.FirebaseInstallationsKtxRegistrar"
127-->[com.google.firebase:firebase-installations:17.2.0] AndroidManifest.xml:16:17-130
128                android:value="com.google.firebase.components.ComponentRegistrar" />
128-->[com.google.firebase:firebase-installations:17.2.0] AndroidManifest.xml:17:17-82
129            <meta-data
129-->[com.google.firebase:firebase-installations:17.2.0] AndroidManifest.xml:18:13-20:85
130                android:name="com.google.firebase.components:com.google.firebase.installations.FirebaseInstallationsRegistrar"
130-->[com.google.firebase:firebase-installations:17.2.0] AndroidManifest.xml:19:17-127
131                android:value="com.google.firebase.components.ComponentRegistrar" />
131-->[com.google.firebase:firebase-installations:17.2.0] AndroidManifest.xml:20:17-82
132            <meta-data
132-->[com.google.firebase:firebase-common-ktx:20.4.2] AndroidManifest.xml:12:13-14:85
133                android:name="com.google.firebase.components:com.google.firebase.ktx.FirebaseCommonLegacyRegistrar"
133-->[com.google.firebase:firebase-common-ktx:20.4.2] AndroidManifest.xml:13:17-116
134                android:value="com.google.firebase.components.ComponentRegistrar" />
134-->[com.google.firebase:firebase-common-ktx:20.4.2] AndroidManifest.xml:14:17-82
135            <meta-data
135-->[com.google.firebase:firebase-common:20.4.2] AndroidManifest.xml:35:13-37:85
136                android:name="com.google.firebase.components:com.google.firebase.FirebaseCommonKtxRegistrar"
136-->[com.google.firebase:firebase-common:20.4.2] AndroidManifest.xml:36:17-109
137                android:value="com.google.firebase.components.ComponentRegistrar" />
137-->[com.google.firebase:firebase-common:20.4.2] AndroidManifest.xml:37:17-82
138            <meta-data
138-->[com.google.firebase:firebase-abt:21.1.1] AndroidManifest.xml:12:13-14:85
139                android:name="com.google.firebase.components:com.google.firebase.abt.component.AbtRegistrar"
139-->[com.google.firebase:firebase-abt:21.1.1] AndroidManifest.xml:13:17-109
140                android:value="com.google.firebase.components.ComponentRegistrar" />
140-->[com.google.firebase:firebase-abt:21.1.1] AndroidManifest.xml:14:17-82
141            <meta-data
141-->[com.google.firebase:firebase-datatransport:18.2.0] AndroidManifest.xml:25:13-27:85
142                android:name="com.google.firebase.components:com.google.firebase.datatransport.TransportRegistrar"
142-->[com.google.firebase:firebase-datatransport:18.2.0] AndroidManifest.xml:26:17-115
143                android:value="com.google.firebase.components.ComponentRegistrar" />
143-->[com.google.firebase:firebase-datatransport:18.2.0] AndroidManifest.xml:27:17-82
144        </service>
145
146        <activity
146-->[com.google.firebase:firebase-auth:22.3.1] AndroidManifest.xml:29:9-46:20
147            android:name="com.google.firebase.auth.internal.GenericIdpActivity"
147-->[com.google.firebase:firebase-auth:22.3.1] AndroidManifest.xml:30:13-80
148            android:excludeFromRecents="true"
148-->[com.google.firebase:firebase-auth:22.3.1] AndroidManifest.xml:31:13-46
149            android:exported="true"
149-->[com.google.firebase:firebase-auth:22.3.1] AndroidManifest.xml:32:13-36
150            android:launchMode="singleTask"
150-->[com.google.firebase:firebase-auth:22.3.1] AndroidManifest.xml:33:13-44
151            android:theme="@android:style/Theme.Translucent.NoTitleBar" >
151-->[com.google.firebase:firebase-auth:22.3.1] AndroidManifest.xml:34:13-72
152            <intent-filter>
152-->[com.google.firebase:firebase-auth:22.3.1] AndroidManifest.xml:35:13-45:29
153                <action android:name="android.intent.action.VIEW" />
153-->[com.google.firebase:firebase-auth:22.3.1] AndroidManifest.xml:36:17-69
153-->[com.google.firebase:firebase-auth:22.3.1] AndroidManifest.xml:36:25-66
154
155                <category android:name="android.intent.category.DEFAULT" />
155-->[com.google.firebase:firebase-auth:22.3.1] AndroidManifest.xml:38:17-76
155-->[com.google.firebase:firebase-auth:22.3.1] AndroidManifest.xml:38:27-73
156                <category android:name="android.intent.category.BROWSABLE" />
156-->[com.google.firebase:firebase-auth:22.3.1] AndroidManifest.xml:39:17-78
156-->[com.google.firebase:firebase-auth:22.3.1] AndroidManifest.xml:39:27-75
157
158                <data
158-->[com.google.firebase:firebase-auth:22.3.1] AndroidManifest.xml:41:17-44:51
159                    android:host="firebase.auth"
159-->[com.google.firebase:firebase-auth:22.3.1] AndroidManifest.xml:42:21-49
160                    android:path="/"
160-->[com.google.firebase:firebase-auth:22.3.1] AndroidManifest.xml:43:21-37
161                    android:scheme="genericidp" />
161-->[com.google.firebase:firebase-auth:22.3.1] AndroidManifest.xml:44:21-48
162            </intent-filter>
163        </activity>
164        <activity
164-->[com.google.firebase:firebase-auth:22.3.1] AndroidManifest.xml:47:9-64:20
165            android:name="com.google.firebase.auth.internal.RecaptchaActivity"
165-->[com.google.firebase:firebase-auth:22.3.1] AndroidManifest.xml:48:13-79
166            android:excludeFromRecents="true"
166-->[com.google.firebase:firebase-auth:22.3.1] AndroidManifest.xml:49:13-46
167            android:exported="true"
167-->[com.google.firebase:firebase-auth:22.3.1] AndroidManifest.xml:50:13-36
168            android:launchMode="singleTask"
168-->[com.google.firebase:firebase-auth:22.3.1] AndroidManifest.xml:51:13-44
169            android:theme="@android:style/Theme.Translucent.NoTitleBar" >
169-->[com.google.firebase:firebase-auth:22.3.1] AndroidManifest.xml:52:13-72
170            <intent-filter>
170-->[com.google.firebase:firebase-auth:22.3.1] AndroidManifest.xml:53:13-63:29
171                <action android:name="android.intent.action.VIEW" />
171-->[com.google.firebase:firebase-auth:22.3.1] AndroidManifest.xml:36:17-69
171-->[com.google.firebase:firebase-auth:22.3.1] AndroidManifest.xml:36:25-66
172
173                <category android:name="android.intent.category.DEFAULT" />
173-->[com.google.firebase:firebase-auth:22.3.1] AndroidManifest.xml:38:17-76
173-->[com.google.firebase:firebase-auth:22.3.1] AndroidManifest.xml:38:27-73
174                <category android:name="android.intent.category.BROWSABLE" />
174-->[com.google.firebase:firebase-auth:22.3.1] AndroidManifest.xml:39:17-78
174-->[com.google.firebase:firebase-auth:22.3.1] AndroidManifest.xml:39:27-75
175
176                <data
176-->[com.google.firebase:firebase-auth:22.3.1] AndroidManifest.xml:41:17-44:51
177                    android:host="firebase.auth"
177-->[com.google.firebase:firebase-auth:22.3.1] AndroidManifest.xml:42:21-49
178                    android:path="/"
178-->[com.google.firebase:firebase-auth:22.3.1] AndroidManifest.xml:43:21-37
179                    android:scheme="recaptcha" />
179-->[com.google.firebase:firebase-auth:22.3.1] AndroidManifest.xml:44:21-48
180            </intent-filter>
181        </activity>
182
183        <property
183-->[com.google.android.gms:play-services-measurement-api:21.5.0] AndroidManifest.xml:30:9-32:61
184            android:name="android.adservices.AD_SERVICES_CONFIG"
184-->[com.google.android.gms:play-services-measurement-api:21.5.0] AndroidManifest.xml:31:13-65
185            android:resource="@xml/ga_ad_services_config" />
185-->[com.google.android.gms:play-services-measurement-api:21.5.0] AndroidManifest.xml:32:13-58
186
187        <service
187-->[androidx.camera:camera-camera2:1.3.1] AndroidManifest.xml:24:9-33:19
188            android:name="androidx.camera.core.impl.MetadataHolderService"
188-->[androidx.camera:camera-camera2:1.3.1] AndroidManifest.xml:25:13-75
189            android:enabled="false"
189-->[androidx.camera:camera-camera2:1.3.1] AndroidManifest.xml:26:13-36
190            android:exported="false" >
190-->[androidx.camera:camera-camera2:1.3.1] AndroidManifest.xml:27:13-37
191            <meta-data
191-->[androidx.camera:camera-camera2:1.3.1] AndroidManifest.xml:30:13-32:89
192                android:name="androidx.camera.core.impl.MetadataHolderService.DEFAULT_CONFIG_PROVIDER"
192-->[androidx.camera:camera-camera2:1.3.1] AndroidManifest.xml:31:17-103
193                android:value="androidx.camera.camera2.Camera2Config$DefaultProvider" />
193-->[androidx.camera:camera-camera2:1.3.1] AndroidManifest.xml:32:17-86
194        </service> <!-- Needs to be explicitly declared on P+ -->
195        <uses-library
195-->[com.google.android.gms:play-services-maps:18.2.0] AndroidManifest.xml:39:9-41:40
196            android:name="org.apache.http.legacy"
196-->[com.google.android.gms:play-services-maps:18.2.0] AndroidManifest.xml:40:13-50
197            android:required="false" />
197-->[com.google.android.gms:play-services-maps:18.2.0] AndroidManifest.xml:41:13-37
198
199        <activity
199-->[com.google.android.gms:play-services-base:18.1.0] AndroidManifest.xml:20:9-22:45
200            android:name="com.google.android.gms.common.api.GoogleApiActivity"
200-->[com.google.android.gms:play-services-base:18.1.0] AndroidManifest.xml:20:19-85
201            android:exported="false"
201-->[com.google.android.gms:play-services-base:18.1.0] AndroidManifest.xml:22:19-43
202            android:theme="@android:style/Theme.Translucent.NoTitleBar" />
202-->[com.google.android.gms:play-services-base:18.1.0] AndroidManifest.xml:21:19-78
203
204        <provider
204-->[com.google.firebase:firebase-common:20.4.2] AndroidManifest.xml:23:9-28:39
205            android:name="com.google.firebase.provider.FirebaseInitProvider"
205-->[com.google.firebase:firebase-common:20.4.2] AndroidManifest.xml:24:13-77
206            android:authorities="com.example.missingpets.firebaseinitprovider"
206-->[com.google.firebase:firebase-common:20.4.2] AndroidManifest.xml:25:13-72
207            android:directBootAware="true"
207-->[com.google.firebase:firebase-common:20.4.2] AndroidManifest.xml:26:13-43
208            android:exported="false"
208-->[com.google.firebase:firebase-common:20.4.2] AndroidManifest.xml:27:13-37
209            android:initOrder="100" />
209-->[com.google.firebase:firebase-common:20.4.2] AndroidManifest.xml:28:13-36
210
211        <activity
211-->[androidx.compose.ui:ui-test-manifest:1.6.1] AndroidManifest.xml:23:9-25:39
212            android:name="androidx.activity.ComponentActivity"
212-->[androidx.compose.ui:ui-test-manifest:1.6.1] AndroidManifest.xml:24:13-63
213            android:exported="true" />
213-->[androidx.compose.ui:ui-test-manifest:1.6.1] AndroidManifest.xml:25:13-36
214        <activity
214-->[androidx.compose.ui:ui-tooling-android:1.6.1] AndroidManifest.xml:23:9-25:39
215            android:name="androidx.compose.ui.tooling.PreviewActivity"
215-->[androidx.compose.ui:ui-tooling-android:1.6.1] AndroidManifest.xml:24:13-71
216            android:exported="true" />
216-->[androidx.compose.ui:ui-tooling-android:1.6.1] AndroidManifest.xml:25:13-36
217
218        <provider
218-->[androidx.emoji2:emoji2:1.3.0] AndroidManifest.xml:24:9-32:20
219            android:name="androidx.startup.InitializationProvider"
219-->[androidx.emoji2:emoji2:1.3.0] AndroidManifest.xml:25:13-67
220            android:authorities="com.example.missingpets.androidx-startup"
220-->[androidx.emoji2:emoji2:1.3.0] AndroidManifest.xml:26:13-68
221            android:exported="false" >
221-->[androidx.emoji2:emoji2:1.3.0] AndroidManifest.xml:27:13-37
222            <meta-data
222-->[androidx.emoji2:emoji2:1.3.0] AndroidManifest.xml:29:13-31:52
223                android:name="androidx.emoji2.text.EmojiCompatInitializer"
223-->[androidx.emoji2:emoji2:1.3.0] AndroidManifest.xml:30:17-75
224                android:value="androidx.startup" />
224-->[androidx.emoji2:emoji2:1.3.0] AndroidManifest.xml:31:17-49
225            <meta-data
225-->[androidx.lifecycle:lifecycle-process:2.7.0] AndroidManifest.xml:29:13-31:52
226                android:name="androidx.lifecycle.ProcessLifecycleInitializer"
226-->[androidx.lifecycle:lifecycle-process:2.7.0] AndroidManifest.xml:30:17-78
227                android:value="androidx.startup" />
227-->[androidx.lifecycle:lifecycle-process:2.7.0] AndroidManifest.xml:31:17-49
228            <meta-data
228-->[androidx.profileinstaller:profileinstaller:1.3.0] AndroidManifest.xml:29:13-31:52
229                android:name="androidx.profileinstaller.ProfileInstallerInitializer"
229-->[androidx.profileinstaller:profileinstaller:1.3.0] AndroidManifest.xml:30:17-85
230                android:value="androidx.startup" />
230-->[androidx.profileinstaller:profileinstaller:1.3.0] AndroidManifest.xml:31:17-49
231        </provider>
232
233        <receiver
233-->[com.google.android.gms:play-services-measurement:21.5.0] AndroidManifest.xml:29:9-33:20
234            android:name="com.google.android.gms.measurement.AppMeasurementReceiver"
234-->[com.google.android.gms:play-services-measurement:21.5.0] AndroidManifest.xml:30:13-85
235            android:enabled="true"
235-->[com.google.android.gms:play-services-measurement:21.5.0] AndroidManifest.xml:31:13-35
236            android:exported="false" >
236-->[com.google.android.gms:play-services-measurement:21.5.0] AndroidManifest.xml:32:13-37
237        </receiver>
238
239        <service
239-->[com.google.android.gms:play-services-measurement:21.5.0] AndroidManifest.xml:35:9-38:40
240            android:name="com.google.android.gms.measurement.AppMeasurementService"
240-->[com.google.android.gms:play-services-measurement:21.5.0] AndroidManifest.xml:36:13-84
241            android:enabled="true"
241-->[com.google.android.gms:play-services-measurement:21.5.0] AndroidManifest.xml:37:13-35
242            android:exported="false" />
242-->[com.google.android.gms:play-services-measurement:21.5.0] AndroidManifest.xml:38:13-37
243        <service
243-->[com.google.android.gms:play-services-measurement:21.5.0] AndroidManifest.xml:39:9-43:72
244            android:name="com.google.android.gms.measurement.AppMeasurementJobService"
244-->[com.google.android.gms:play-services-measurement:21.5.0] AndroidManifest.xml:40:13-87
245            android:enabled="true"
245-->[com.google.android.gms:play-services-measurement:21.5.0] AndroidManifest.xml:41:13-35
246            android:exported="false"
246-->[com.google.android.gms:play-services-measurement:21.5.0] AndroidManifest.xml:42:13-37
247            android:permission="android.permission.BIND_JOB_SERVICE" />
247-->[com.google.android.gms:play-services-measurement:21.5.0] AndroidManifest.xml:43:13-69
248
249        <uses-library
249-->[androidx.privacysandbox.ads:ads-adservices:1.0.0-beta05] AndroidManifest.xml:23:9-25:40
250            android:name="android.ext.adservices"
250-->[androidx.privacysandbox.ads:ads-adservices:1.0.0-beta05] AndroidManifest.xml:24:13-50
251            android:required="false" />
251-->[androidx.privacysandbox.ads:ads-adservices:1.0.0-beta05] AndroidManifest.xml:25:13-37
252
253        <meta-data
253-->[com.google.android.gms:play-services-basement:18.1.0] AndroidManifest.xml:21:9-23:69
254            android:name="com.google.android.gms.version"
254-->[com.google.android.gms:play-services-basement:18.1.0] AndroidManifest.xml:22:13-58
255            android:value="@integer/google_play_services_version" />
255-->[com.google.android.gms:play-services-basement:18.1.0] AndroidManifest.xml:23:13-66
256
257        <uses-library
257-->[androidx.window:window:1.0.0] AndroidManifest.xml:25:9-27:40
258            android:name="androidx.window.extensions"
258-->[androidx.window:window:1.0.0] AndroidManifest.xml:26:13-54
259            android:required="false" />
259-->[androidx.window:window:1.0.0] AndroidManifest.xml:27:13-37
260        <uses-library
260-->[androidx.window:window:1.0.0] AndroidManifest.xml:28:9-30:40
261            android:name="androidx.window.sidecar"
261-->[androidx.window:window:1.0.0] AndroidManifest.xml:29:13-51
262            android:required="false" />
262-->[androidx.window:window:1.0.0] AndroidManifest.xml:30:13-37
263
264        <service
264-->[com.google.android.datatransport:transport-backend-cct:3.1.9] AndroidManifest.xml:28:9-34:19
265            android:name="com.google.android.datatransport.runtime.backends.TransportBackendDiscovery"